build/outputs/logs/manifest-merger-debug-report.txt
-- Merging decision tree log ---
manifest
ADDED from GIT/Android-MQA-Sample/AndroidManifest.xml:1:1-51:12
	package
		ADDED from GIT/Android-MQA-Sample/AndroidManifest.xml:2:5-31
	android:versionName
		ADDED from GIT/Android-MQA-Sample/AndroidManifest.xml:4:5-30
		INJECTED from GIT/Android-MQA-Sample/AndroidManifest.xml
		INJECTED from GIT/Android-MQA-Sample/AndroidManifest.xml
	android:versionCode
		ADDED from GIT/Android-MQA-Sample/AndroidManifest.xml:3:5-28
		INJECTED from GIT/Android-MQA-Sample/AndroidManifest.xml
		INJECTED from GIT/Android-MQA-Sample/AndroidManifest.xml
	xmlns:android
		ADDED from GIT/Android-MQA-Sample/AndroidManifest.xml:1:11-69
uses-sdk
ADDED from GIT/Android-MQA-Sample/AndroidManifest.xml:6:5-8:41
MERGED from [com.android.support:appcompat-v7:24.2.1] AndroidManifest.xml:21:5-23:78
MERGED from [com.android.support:support-v4:24.2.1] AndroidManifest.xml:21:5-23:54
MERGED from [com.android.support:support-compat:24.2.1] AndroidManifest.xml:21:5-23:58
MERGED from [com.android.support:support-media-compat:24.2.1] AndroidManifest.xml:21:5-23:63
MERGED from [com.android.support:support-core-utils:24.2.1] AndroidManifest.xml:21:5-23:61
MERGED from [com.android.support:support-core-ui:24.2.1] AndroidManifest.xml:21:5-23:58
MERGED from [com.android.support:support-fragment:24.2.1] AndroidManifest.xml:21:5-23:60
MERGED from [com.android.support:support-vector-drawable:24.2.1] AndroidManifest.xml:21:5-43
MERGED from [com.android.support:animated-vector-drawable:24.2.1] AndroidManifest.xml:20:5-44
	tools:overrideLibrary
		ADDED from [com.android.support:appcompat-v7:24.2.1] AndroidManifest.xml:23:9-75
	android:targetSdkVersion
		ADDED from GIT/Android-MQA-Sample/AndroidManifest.xml:8:9-38
	android:minSdkVersion
		ADDED from GIT/Android-MQA-Sample/AndroidManifest.xml:7:9-35
uses-permission#android.permission.INTERNET
ADDED from GIT/Android-MQA-Sample/AndroidManifest.xml:11:5-67
	android:name
		ADDED from GIT/Android-MQA-Sample/AndroidManifest.xml:11:22-64
uses-permission#android.permission.WAKE_LOCK
ADDED from GIT/Android-MQA-Sample/AndroidManifest.xml:12:5-68
	android:name
		ADDED from GIT/Android-MQA-Sample/AndroidManifest.xml:12:22-65
uses-permission#android.permission.GET_ACCOUNTS
ADDED from GIT/Android-MQA-Sample/AndroidManifest.xml:13:5-71
	android:name
		ADDED from GIT/Android-MQA-Sample/AndroidManifest.xml:13:22-68
uses-permission#android.permission.USE_CREDENTIALS
ADDED from GIT/Android-MQA-Sample/AndroidManifest.xml:14:5-74
	android:name
		ADDED from GIT/Android-MQA-Sample/AndroidManifest.xml:14:22-71
uses-permission#android.permission.ACCESS_WIFI_STATE
ADDED from GIT/Android-MQA-Sample/AndroidManifest.xml:15:5-76
	android:name
		ADDED from GIT/Android-MQA-Sample/AndroidManifest.xml:15:22-73
uses-permission#android.permission.ACCESS_NETWORK_STATE
ADDED from GIT/Android-MQA-Sample/AndroidManifest.xml:16:5-79
	android:name
		ADDED from GIT/Android-MQA-Sample/AndroidManifest.xml:16:22-76
uses-permission#android.permission.READ_PHONE_STATE
ADDED from GIT/Android-MQA-Sample/AndroidManifest.xml:17:5-75
	android:name
		ADDED from GIT/Android-MQA-Sample/AndroidManifest.xml:17:22-72
uses-permission#android.permission.ACCESS_COARSE_LOCATION
ADDED from GIT/Android-MQA-Sample/AndroidManifest.xml:18:5-81
	android:name
		ADDED from GIT/Android-MQA-Sample/AndroidManifest.xml:18:22-78
uses-permission#android.permission.ACCESS_FINE_LOCATION
ADDED from GIT/Android-MQA-Sample/AndroidManifest.xml:19:5-79
	android:name
		ADDED from GIT/Android-MQA-Sample/AndroidManifest.xml:19:22-76
uses-permission#android.permission.BLUETOOTH
ADDED from GIT/Android-MQA-Sample/AndroidManifest.xml:20:5-68
	android:name
		ADDED from GIT/Android-MQA-Sample/AndroidManifest.xml:20:22-65
uses-permission#android.permission.SYSTEM_ALERT_WINDOW
ADDED from GIT/Android-MQA-Sample/AndroidManifest.xml:21:5-78
	android:name
		ADDED from GIT/Android-MQA-Sample/AndroidManifest.xml:21:22-75
application
ADDED from GIT/Android-MQA-Sample/AndroidManifest.xml:24:5-49:19
MERGED from [com.android.support:appcompat-v7:24.2.1] AndroidManifest.xml:25:5-20
MERGED from [com.android.support:support-v4:24.2.1] AndroidManifest.xml:25:5-20
MERGED from [com.android.support:support-compat:24.2.1] AndroidManifest.xml:25:5-20
MERGED from [com.android.support:support-media-compat:24.2.1] AndroidManifest.xml:25:5-20
MERGED from [com.android.support:support-core-utils:24.2.1] AndroidManifest.xml:25:5-20
MERGED from [com.android.support:support-core-ui:24.2.1] AndroidManifest.xml:25:5-20
MERGED from [com.android.support:support-fragment:24.2.1] AndroidManifest.xml:25:5-20
MERGED from [com.android.support:support-vector-drawable:24.2.1] AndroidManifest.xml:23:5-20
MERGED from [com.android.support:animated-vector-drawable:24.2.1] AndroidManifest.xml:22:5-20
	android:label
		ADDED from GIT/Android-MQA-Sample/AndroidManifest.xml:28:9-41
	android:allowBackup
		ADDED from GIT/Android-MQA-Sample/AndroidManifest.xml:26:9-35
	android:icon
		ADDED from GIT/Android-MQA-Sample/AndroidManifest.xml:27:9-38
	android:theme
		ADDED from GIT/Android-MQA-Sample/AndroidManifest.xml:29:9-40
	android:name
		ADDED from GIT/Android-MQA-Sample/AndroidManifest.xml:25:9-44
activity#com.ibm.bluelist.MainActivity
ADDED from GIT/Android-MQA-Sample/AndroidManifest.xml:30:9-38:20
	android:label
		ADDED from GIT/Android-MQA-Sample/AndroidManifest.xml:32:13-45
	android:name
		ADDED from GIT/Android-MQA-Sample/AndroidManifest.xml:31:13-57
intent-filter#android.intent.action.MAIN+android.intent.category.LAUNCHER
ADDED from GIT/Android-MQA-Sample/AndroidManifest.xml:33:13-37:29
action#android.intent.action.MAIN
ADDED from GIT/Android-MQA-Sample/AndroidManifest.xml:34:17-69
	android:name
		ADDED from GIT/Android-MQA-Sample/AndroidManifest.xml:34:25-66
category#android.intent.category.LAUNCHER
ADDED from GIT/Android-MQA-Sample/AndroidManifest.xml:36:17-77
	android:name
		ADDED from GIT/Android-MQA-Sample/AndroidManifest.xml:36:27-74
activity#com.ibm.bluelist.EditActivity
ADDED from GIT/Android-MQA-Sample/AndroidManifest.xml:39:9-42:20
	android:label
		ADDED from GIT/Android-MQA-Sample/AndroidManifest.xml:41:13-56
	android:name
		ADDED from GIT/Android-MQA-Sample/AndroidManifest.xml:40:13-57
activity#com.ibm.mqa.ui.ProblemActivity
ADDED from GIT/Android-MQA-Sample/AndroidManifest.xml:45:9-67
	android:name
		ADDED from GIT/Android-MQA-Sample/AndroidManifest.xml:45:19-64
activity#com.ibm.mqa.ui.FeedbackActivity
ADDED from GIT/Android-MQA-Sample/AndroidManifest.xml:46:9-68
	android:name
		ADDED from GIT/Android-MQA-Sample/AndroidManifest.xml:46:19-65
activity#com.ibm.mqa.ui.ScreenshotEditorActivity
ADDED from GIT/Android-MQA-Sample/AndroidManifest.xml:47:9-76
	android:name
		ADDED from GIT/Android-MQA-Sample/AndroidManifest.xml:47:19-73